=== AngelChest spawned ===
Player: Pukejoy_1
Player UUID: be66fced-aad1-48b6-8e71-5d399590b36e
Death Time: 2021-06-16 19:36:53
Death Location: 1341 75 584 @ world
Chest Location: 1341 75 584 @ world
Death Cause: ENTITY_ATTACK
Player XP: 0.08695674
Chest XP: 56
Chest Protection: true
Chest Duration: 1800 seconds

=== INFORMATION ===
Please note that some plugins remove certain items on death (soulbound items etc.), while other plugins add certain drops (player heads etc.). That's why this log file show you three different item lists:
1. The original inventory as it was when the player died. This does not include 3rd party plugin drops, but includes items that would have been removed on death, e.g. curse of vanishing items.
2. The items the player would have dropped if AngelChest wouldn't be used. This does include 3rd party plugin drops but does not include non-droppable items like curse of vanishing items.
3. The final AngelChest contents, which is a combination of 1. and 2. and does not include randomly lost items: it includes all custom drops and does not include non-droppable items.

=== 1. Player Inventory ===
The player had the following items in his inventory at the time of his death:
> ItemStack{STONE_SWORD x 1, UNSPECIFIC_META:{meta-type=UNSPECIFIC, Damage=48}}
> ItemStack{STONE_SHOVEL x 1, UNSPECIFIC_META:{meta-type=UNSPECIFIC, Damage=11}}
> ItemStack{STONE_PICKAXE x 1, UNSPECIFIC_META:{meta-type=UNSPECIFIC, Damage=51}}
> ItemStack{STONE_AXE x 1, UNSPECIFIC_META:{meta-type=UNSPECIFIC, Damage=42}}
> ItemStack{OAK_LOG x 10}
> ItemStack{MUTTON x 4}
> ItemStack{DIRT x 14}
> ItemStack{SPRUCE_LOG x 25}
> ItemStack{COBBLESTONE x 6}
> ItemStack{ARROW x 2}
> ItemStack{COAL x 45}
> ItemStack{PUMPKIN x 10}
> ItemStack{SPIDER_EYE x 2}
> ItemStack{SPRUCE_SAPLING x 10}
> ItemStack{SAND x 3}
> ItemStack{OAK_SAPLING x 3}
> ItemStack{WHITE_WOOL x 3}

=== 2. Player Drops ===
The player would have dropped the following items at the time of this death:
> ItemStack{STONE_SWORD x 1, UNSPECIFIC_META:{meta-type=UNSPECIFIC, Damage=48}}
> ItemStack{STONE_SHOVEL x 1, UNSPECIFIC_META:{meta-type=UNSPECIFIC, Damage=11}}
> ItemStack{STONE_PICKAXE x 1, UNSPECIFIC_META:{meta-type=UNSPECIFIC, Damage=51}}
> ItemStack{STONE_AXE x 1, UNSPECIFIC_META:{meta-type=UNSPECIFIC, Damage=42}}
> ItemStack{OAK_LOG x 10}
> ItemStack{MUTTON x 4}
> ItemStack{DIRT x 14}
> ItemStack{SPRUCE_LOG x 25}
> ItemStack{COBBLESTONE x 6}
> ItemStack{ARROW x 2}
> ItemStack{COAL x 45}
> ItemStack{PUMPKIN x 10}
> ItemStack{SPIDER_EYE x 2}
> ItemStack{SPRUCE_SAPLING x 10}
> ItemStack{SAND x 3}
> ItemStack{OAK_SAPLING x 3}
> ItemStack{WHITE_WOOL x 3}

=== 3. AngelChest inventory ===
The AngelChest contains the following items:
> ItemStack{STONE_SWORD x 1, UNSPECIFIC_META:{meta-type=UNSPECIFIC, Damage=48}}
> ItemStack{STONE_SHOVEL x 1, UNSPECIFIC_META:{meta-type=UNSPECIFIC, Damage=11}}
> ItemStack{STONE_PICKAXE x 1, UNSPECIFIC_META:{meta-type=UNSPECIFIC, Damage=51}}
> ItemStack{STONE_AXE x 1, UNSPECIFIC_META:{meta-type=UNSPECIFIC, Damage=42}}
> ItemStack{OAK_LOG x 10}
> ItemStack{MUTTON x 4}
> ItemStack{DIRT x 14}
> ItemStack{SPRUCE_LOG x 25}
> ItemStack{COBBLESTONE x 6}
> ItemStack{ARROW x 2}
> ItemStack{COAL x 45}
> ItemStack{PUMPKIN x 10}
> ItemStack{SPIDER_EYE x 2}
> ItemStack{SPRUCE_SAPLING x 10}
> ItemStack{SAND x 3}
> ItemStack{OAK_SAPLING x 3}
> ItemStack{WHITE_WOOL x 3}

[2021-06-16 19:58:48] Player "Pukejoy_1" paid 0.000000 to open this AngelChest for the first time.
[2021-06-16 19:58:52] Player "Pukejoy_1" took item: ItemStack{STONE_AXE x 1, UNSPECIFIC_META:{meta-type=UNSPECIFIC, Damage=42}}
[2021-06-16 19:58:52] Player "Pukejoy_1" took item: ItemStack{OAK_LOG x 10}
[2021-06-16 19:58:52] Player "Pukejoy_1" took item: ItemStack{MUTTON x 4}
[2021-06-16 19:58:52] Player "Pukejoy_1" took item: ItemStack{DIRT x 14}
[2021-06-16 19:58:52] Player "Pukejoy_1" took item: ItemStack{SPRUCE_LOG x 25}
[2021-06-16 19:58:52] Player "Pukejoy_1" took item: ItemStack{COBBLESTONE x 6}
[2021-06-16 19:58:52] Player "Pukejoy_1" took item: ItemStack{ARROW x 2}
[2021-06-16 19:58:52] Player "Pukejoy_1" took item: ItemStack{COAL x 45}
[2021-06-16 19:58:52] Player "Pukejoy_1" took item: ItemStack{PUMPKIN x 10}
[2021-06-16 19:58:52] Player "Pukejoy_1" took item: ItemStack{SPIDER_EYE x 2}
[2021-06-16 19:58:52] Player "Pukejoy_1" took item: ItemStack{SPRUCE_SAPLING x 10}
[2021-06-16 19:58:52] Player "Pukejoy_1" took item: ItemStack{SAND x 3}
[2021-06-16 19:58:52] Player "Pukejoy_1" took item: ItemStack{OAK_SAPLING x 3}
[2021-06-16 19:58:52] Player "Pukejoy_1" took item: ItemStack{WHITE_WOOL x 3}

[2021-06-16 19:58:52] Player "Pukejoy_1" took the last item. Removing AngelChest!

=== AngelChest removed ===
